---------------------------------------------------------------
[ 2020-05-07T11:36:10+08:00 ] 127.0.0.1 GET www.schoolsubscribe.com/
[运行时间：0.055082s] [吞吐率：18.15req/s] [内存消耗：1,544.00kb] [文件加载：26]
[ info ] [ LANG ] D:\phpstudy_pro\SchoolSubscribe\ThinkPHP\thinkphp\thinkphp\lang\zh-cn.php
[ info ] [ ROUTE ] array (
  'type' => 'module',
  'module' => 
  array (
    0 => '',
    1 => NULL,
    2 => NULL,
  ),
)
[ info ] [ HEADER ] array (
  'cache-control' => 'max-age=0',
  'upgrade-insecure-requests' => '1',
  'cookie' => 'pgv_pvi=5443859456',
  'connection' => 'close',
  'accept-encoding' => 'gzip, deflate',
  'accept-language' => 'zh-CN,zh;q=0.8,zh-TW;q=0.7,zh-HK;q=0.5,en-US;q=0.3,en;q=0.2',
  'accept' => 'text/html,application/xhtml+xml,application/xml;q=0.9,image/webp,*/*;q=0.8',
  'user-agent' => 'Mozilla/5.0 (Windows NT 10.0; Win64; x64; rv:75.0) Gecko/20100101 Firefox/75.0',
  'host' => 'www.schoolsubscribe.com',
)
[ info ] [ PARAM ] array (
)
[ info ] [ RUN ] app\index\controller\Index->index[ D:\phpstudy_pro\SchoolSubscribe\ThinkPHP\thinkphp\application\index\controller\Index.php ]
[ info ] [ LOG ] INIT File
---------------------------------------------------------------
[ 2020-05-07T11:49:41+08:00 ] 127.0.0.1 GET www.schoolsubscribe.com/
[运行时间：0.042155s] [吞吐率：23.72req/s] [内存消耗：1,544.05kb] [文件加载：26]
[ info ] [ LANG ] D:\phpstudy_pro\SchoolSubscribe\ThinkPHP\thinkphp\thinkphp\lang\zh-cn.php
[ info ] [ ROUTE ] array (
  'type' => 'module',
  'module' => 
  array (
    0 => '',
    1 => NULL,
    2 => NULL,
  ),
)
[ info ] [ HEADER ] array (
  'cache-control' => 'max-age=0',
  'upgrade-insecure-requests' => '1',
  'cookie' => 'pgv_pvi=5443859456; pgv_si=s2951595008',
  'connection' => 'close',
  'accept-encoding' => 'gzip, deflate',
  'accept-language' => 'zh-CN,zh;q=0.8,zh-TW;q=0.7,zh-HK;q=0.5,en-US;q=0.3,en;q=0.2',
  'accept' => 'text/html,application/xhtml+xml,application/xml;q=0.9,image/webp,*/*;q=0.8',
  'user-agent' => 'Mozilla/5.0 (Windows NT 10.0; Win64; x64; rv:75.0) Gecko/20100101 Firefox/75.0',
  'host' => 'www.schoolsubscribe.com',
)
[ info ] [ PARAM ] array (
)
[ info ] [ RUN ] app\index\controller\Index->index[ D:\phpstudy_pro\SchoolSubscribe\ThinkPHP\thinkphp\application\index\controller\Index.php ]
[ info ] [ LOG ] INIT File
---------------------------------------------------------------
[ 2020-05-07T16:39:12+08:00 ] 127.0.0.1 GET www.schoolsubscribe.com/
[运行时间：0.203081s] [吞吐率：4.92req/s] [内存消耗：1,543.67kb] [文件加载：26]
[ info ] [ LANG ] D:\phpstudy_pro\SchoolSubscribe\ThinkPHP\thinkphp\thinkphp\lang\zh-cn.php
[ info ] [ ROUTE ] array (
  'type' => 'module',
  'module' => 
  array (
    0 => '',
    1 => NULL,
    2 => NULL,
  ),
)
[ info ] [ HEADER ] array (
  'upgrade-insecure-requests' => '1',
  'cookie' => 'pgv_pvi=5443859456',
  'connection' => 'close',
  'accept-encoding' => 'gzip, deflate',
  'accept-language' => 'zh-CN,zh;q=0.8,zh-TW;q=0.7,zh-HK;q=0.5,en-US;q=0.3,en;q=0.2',
  'accept' => 'text/html,application/xhtml+xml,application/xml;q=0.9,image/webp,*/*;q=0.8',
  'user-agent' => 'Mozilla/5.0 (Windows NT 10.0; Win64; x64; rv:75.0) Gecko/20100101 Firefox/75.0',
  'host' => 'www.schoolsubscribe.com',
)
[ info ] [ PARAM ] array (
)
[ info ] [ RUN ] app\index\controller\Index->index[ D:\phpstudy_pro\SchoolSubscribe\ThinkPHP\thinkphp\application\index\controller\Index.php ]
[ info ] [ LOG ] INIT File
---------------------------------------------------------------
[ 2020-05-07T17:04:58+08:00 ] 127.0.0.1 GET www.schoolsubscribe.com/
[运行时间：0.101093s] [吞吐率：9.89req/s] [内存消耗：2,742.29kb] [文件加载：34]
[ info ] [ LANG ] D:\phpstudy_pro\SchoolSubscribe\ThinkPHP\thinkphp\thinkphp\lang\zh-cn.php
[ info ] [ ROUTE ] array (
  'type' => 'module',
  'module' => 
  array (
    0 => '',
    1 => NULL,
    2 => NULL,
  ),
)
[ info ] [ HEADER ] array (
  'upgrade-insecure-requests' => '1',
  'cookie' => 'pgv_pvi=5443859456; pgv_si=s3607342080',
  'connection' => 'close',
  'accept-encoding' => 'gzip, deflate',
  'accept-language' => 'zh-CN,zh;q=0.8,zh-TW;q=0.7,zh-HK;q=0.5,en-US;q=0.3,en;q=0.2',
  'accept' => 'text/html,application/xhtml+xml,application/xml;q=0.9,image/webp,*/*;q=0.8',
  'user-agent' => 'Mozilla/5.0 (Windows NT 10.0; Win64; x64; rv:75.0) Gecko/20100101 Firefox/75.0',
  'host' => 'www.schoolsubscribe.com',
)
[ info ] [ PARAM ] array (
)
[ info ] [ RUN ] app\index\controller\Index->index[ D:\phpstudy_pro\SchoolSubscribe\ThinkPHP\thinkphp\application\index\controller\Index.php ]
[ info ] [ DB ] INIT mysql
[ info ] [ LOG ] INIT File
[ sql ] [ DB ] CONNECT:[ UseTime:0.006488s ] mysql:host=127.0.0.1;port=3306;dbname=www.schoolsubscribe.com;charset=utf8
[ sql ] [ SQL ] SHOW COLUMNS FROM `teacher` [ RunTime:0.004920s ]
[ sql ] [ SQL ] SELECT * FROM `teacher` WHERE  (  t_id=1704202 ) LIMIT 1 [ RunTime:0.001668s ]
---------------------------------------------------------------
[ 2020-05-07T17:05:42+08:00 ] 127.0.0.1 GET www.schoolsubscribe.com/
[运行时间：0.084852s] [吞吐率：11.79req/s] [内存消耗：2,743.20kb] [文件加载：34]
[ info ] [ LANG ] D:\phpstudy_pro\SchoolSubscribe\ThinkPHP\thinkphp\thinkphp\lang\zh-cn.php
[ info ] [ ROUTE ] array (
  'type' => 'module',
  'module' => 
  array (
    0 => '',
    1 => NULL,
    2 => NULL,
  ),
)
[ info ] [ HEADER ] array (
  'cache-control' => 'max-age=0',
  'upgrade-insecure-requests' => '1',
  'cookie' => 'pgv_pvi=5443859456; pgv_si=s3607342080',
  'connection' => 'close',
  'accept-encoding' => 'gzip, deflate',
  'accept-language' => 'zh-CN,zh;q=0.8,zh-TW;q=0.7,zh-HK;q=0.5,en-US;q=0.3,en;q=0.2',
  'accept' => 'text/html,application/xhtml+xml,application/xml;q=0.9,image/webp,*/*;q=0.8',
  'user-agent' => 'Mozilla/5.0 (Windows NT 10.0; Win64; x64; rv:75.0) Gecko/20100101 Firefox/75.0',
  'host' => 'www.schoolsubscribe.com',
)
[ info ] [ PARAM ] array (
)
[ info ] [ RUN ] app\index\controller\Index->index[ D:\phpstudy_pro\SchoolSubscribe\ThinkPHP\thinkphp\application\index\controller\Index.php ]
[ info ] [ DB ] INIT mysql
[ info ] [ LOG ] INIT File
[ sql ] [ DB ] CONNECT:[ UseTime:0.001826s ] mysql:host=127.0.0.1;port=3306;dbname=www.schoolsubscribe.com;charset=utf8
[ sql ] [ SQL ] SHOW COLUMNS FROM `teacher` [ RunTime:0.011785s ]
[ sql ] [ SQL ] SELECT * FROM `teacher` WHERE  (  t_id=1704202 ) LIMIT 1 [ RunTime:0.001147s ]
---------------------------------------------------------------
[ 2020-05-07T17:06:09+08:00 ] 127.0.0.1 GET www.schoolsubscribe.com/
[运行时间：0.253716s] [吞吐率：3.94req/s] [内存消耗：2,829.37kb] [文件加载：38]
[ info ] [ LANG ] D:\phpstudy_pro\SchoolSubscribe\ThinkPHP\thinkphp\thinkphp\lang\zh-cn.php
[ info ] [ ROUTE ] array (
  'type' => 'module',
  'module' => 
  array (
    0 => '',
    1 => NULL,
    2 => NULL,
  ),
)
[ info ] [ HEADER ] array (
  'cache-control' => 'max-age=0',
  'upgrade-insecure-requests' => '1',
  'cookie' => 'pgv_pvi=5443859456; pgv_si=s3607342080',
  'connection' => 'close',
  'accept-encoding' => 'gzip, deflate',
  'accept-language' => 'zh-CN,zh;q=0.8,zh-TW;q=0.7,zh-HK;q=0.5,en-US;q=0.3,en;q=0.2',
  'accept' => 'text/html,application/xhtml+xml,application/xml;q=0.9,image/webp,*/*;q=0.8',
  'user-agent' => 'Mozilla/5.0 (Windows NT 10.0; Win64; x64; rv:75.0) Gecko/20100101 Firefox/75.0',
  'host' => 'www.schoolsubscribe.com',
)
[ info ] [ PARAM ] array (
)
[ info ] [ RUN ] app\index\controller\Index->index[ D:\phpstudy_pro\SchoolSubscribe\ThinkPHP\thinkphp\application\index\controller\Index.php ]
[ info ] [ DB ] INIT mysql
[ info ] [ LOG ] INIT File
[ sql ] [ DB ] CONNECT:[ UseTime:0.013475s ] mysql:host=127.0.0.1;port=3306;dbname=www.schoolsubscribe.com;charset=utf8
[ sql ] [ SQL ] SHOW COLUMNS FROM `teacher` [ RunTime:0.001929s ]
[ sql ] [ SQL ] SELECT * FROM `teacher` WHERE  (  t_id=1704202 ) LIMIT 1 [ RunTime:0.000780s ]
[ error ] [1]Call to undefined function app\index\controller\ver_dump()[D:\phpstudy_pro\SchoolSubscribe\ThinkPHP\thinkphp\application\index\controller\Index.php:13]
---------------------------------------------------------------
[ 2020-05-07T17:06:46+08:00 ] 127.0.0.1 GET www.schoolsubscribe.com/
[运行时间：0.246328s] [吞吐率：4.06req/s] [内存消耗：1,640.52kb] [文件加载：29]
[ info ] [ LANG ] D:\phpstudy_pro\SchoolSubscribe\ThinkPHP\thinkphp\thinkphp\lang\zh-cn.php
[ info ] [ ROUTE ] array (
  'type' => 'module',
  'module' => 
  array (
    0 => '',
    1 => NULL,
    2 => NULL,
  ),
)
[ info ] [ HEADER ] array (
  'cache-control' => 'max-age=0',
  'upgrade-insecure-requests' => '1',
  'cookie' => 'pgv_pvi=5443859456; pgv_si=s3607342080',
  'connection' => 'close',
  'accept-encoding' => 'gzip, deflate',
  'accept-language' => 'zh-CN,zh;q=0.8,zh-TW;q=0.7,zh-HK;q=0.5,en-US;q=0.3,en;q=0.2',
  'accept' => 'text/html,application/xhtml+xml,application/xml;q=0.9,image/webp,*/*;q=0.8',
  'user-agent' => 'Mozilla/5.0 (Windows NT 10.0; Win64; x64; rv:75.0) Gecko/20100101 Firefox/75.0',
  'host' => 'www.schoolsubscribe.com',
)
[ info ] [ PARAM ] array (
)
[ info ] [ LOG ] INIT File
[ error ] [4]语法错误: unexpected '('[D:\phpstudy_pro\SchoolSubscribe\ThinkPHP\thinkphp\application\index\controller\Index.php:13]
---------------------------------------------------------------
[ 2020-05-07T17:06:54+08:00 ] 127.0.0.1 GET www.schoolsubscribe.com/
[运行时间：0.077000s] [吞吐率：12.99req/s] [内存消耗：2,743.48kb] [文件加载：34]
[ info ] [ LANG ] D:\phpstudy_pro\SchoolSubscribe\ThinkPHP\thinkphp\thinkphp\lang\zh-cn.php
[ info ] [ ROUTE ] array (
  'type' => 'module',
  'module' => 
  array (
    0 => '',
    1 => NULL,
    2 => NULL,
  ),
)
[ info ] [ HEADER ] array (
  'cache-control' => 'max-age=0',
  'upgrade-insecure-requests' => '1',
  'cookie' => 'pgv_pvi=5443859456; pgv_si=s3607342080',
  'connection' => 'close',
  'accept-encoding' => 'gzip, deflate',
  'accept-language' => 'zh-CN,zh;q=0.8,zh-TW;q=0.7,zh-HK;q=0.5,en-US;q=0.3,en;q=0.2',
  'accept' => 'text/html,application/xhtml+xml,application/xml;q=0.9,image/webp,*/*;q=0.8',
  'user-agent' => 'Mozilla/5.0 (Windows NT 10.0; Win64; x64; rv:75.0) Gecko/20100101 Firefox/75.0',
  'host' => 'www.schoolsubscribe.com',
)
[ info ] [ PARAM ] array (
)
[ info ] [ RUN ] app\index\controller\Index->index[ D:\phpstudy_pro\SchoolSubscribe\ThinkPHP\thinkphp\application\index\controller\Index.php ]
[ info ] [ DB ] INIT mysql
[ info ] [ LOG ] INIT File
[ sql ] [ DB ] CONNECT:[ UseTime:0.001707s ] mysql:host=127.0.0.1;port=3306;dbname=www.schoolsubscribe.com;charset=utf8
[ sql ] [ SQL ] SHOW COLUMNS FROM `teacher` [ RunTime:0.002100s ]
[ sql ] [ SQL ] SELECT * FROM `teacher` WHERE  (  t_id=1704202 ) LIMIT 1 [ RunTime:0.001029s ]
---------------------------------------------------------------
[ 2020-05-07T17:07:13+08:00 ] 127.0.0.1 GET www.schoolsubscribe.com/
[运行时间：0.077816s] [吞吐率：12.85req/s] [内存消耗：2,744.04kb] [文件加载：34]
[ info ] [ LANG ] D:\phpstudy_pro\SchoolSubscribe\ThinkPHP\thinkphp\thinkphp\lang\zh-cn.php
[ info ] [ ROUTE ] array (
  'type' => 'module',
  'module' => 
  array (
    0 => '',
    1 => NULL,
    2 => NULL,
  ),
)
[ info ] [ HEADER ] array (
  'cache-control' => 'max-age=0',
  'upgrade-insecure-requests' => '1',
  'cookie' => 'pgv_pvi=5443859456; pgv_si=s3607342080',
  'connection' => 'close',
  'accept-encoding' => 'gzip, deflate',
  'accept-language' => 'zh-CN,zh;q=0.8,zh-TW;q=0.7,zh-HK;q=0.5,en-US;q=0.3,en;q=0.2',
  'accept' => 'text/html,application/xhtml+xml,application/xml;q=0.9,image/webp,*/*;q=0.8',
  'user-agent' => 'Mozilla/5.0 (Windows NT 10.0; Win64; x64; rv:75.0) Gecko/20100101 Firefox/75.0',
  'host' => 'www.schoolsubscribe.com',
)
[ info ] [ PARAM ] array (
)
[ info ] [ RUN ] app\index\controller\Index->index[ D:\phpstudy_pro\SchoolSubscribe\ThinkPHP\thinkphp\application\index\controller\Index.php ]
[ info ] [ DB ] INIT mysql
[ info ] [ LOG ] INIT File
[ sql ] [ DB ] CONNECT:[ UseTime:0.002288s ] mysql:host=127.0.0.1;port=3306;dbname=www.schoolsubscribe.com;charset=utf8
[ sql ] [ SQL ] SHOW COLUMNS FROM `teacher` [ RunTime:0.002054s ]
[ sql ] [ SQL ] SELECT * FROM `teacher` WHERE  (  t_id=100001 ) LIMIT 1 [ RunTime:0.001014s ]
---------------------------------------------------------------
[ 2020-05-07T17:10:16+08:00 ] 127.0.0.1 GET www.schoolsubscribe.com/
[运行时间：0.074531s] [吞吐率：13.42req/s] [内存消耗：2,746.66kb] [文件加载：34]
[ info ] [ LANG ] D:\phpstudy_pro\SchoolSubscribe\ThinkPHP\thinkphp\thinkphp\lang\zh-cn.php
[ info ] [ ROUTE ] array (
  'type' => 'module',
  'module' => 
  array (
    0 => '',
    1 => NULL,
    2 => NULL,
  ),
)
[ info ] [ HEADER ] array (
  'cache-control' => 'max-age=0',
  'upgrade-insecure-requests' => '1',
  'cookie' => 'pgv_pvi=5443859456; pgv_si=s3607342080',
  'connection' => 'close',
  'accept-encoding' => 'gzip, deflate',
  'accept-language' => 'zh-CN,zh;q=0.8,zh-TW;q=0.7,zh-HK;q=0.5,en-US;q=0.3,en;q=0.2',
  'accept' => 'text/html,application/xhtml+xml,application/xml;q=0.9,image/webp,*/*;q=0.8',
  'user-agent' => 'Mozilla/5.0 (Windows NT 10.0; Win64; x64; rv:75.0) Gecko/20100101 Firefox/75.0',
  'host' => 'www.schoolsubscribe.com',
)
[ info ] [ PARAM ] array (
)
[ info ] [ RUN ] app\index\controller\Index->index[ D:\phpstudy_pro\SchoolSubscribe\ThinkPHP\thinkphp\application\index\controller\Index.php ]
[ info ] [ DB ] INIT mysql
[ info ] [ LOG ] INIT File
[ sql ] [ DB ] CONNECT:[ UseTime:0.002091s ] mysql:host=127.0.0.1;port=3306;dbname=www.schoolsubscribe.com;charset=utf8
[ sql ] [ SQL ] SHOW COLUMNS FROM `time` [ RunTime:0.001917s ]
[ sql ] [ SQL ] SELECT * FROM `time` WHERE  (  date=20200507 )  AND `seq` = 0 [ RunTime:0.010206s ]
---------------------------------------------------------------
[ 2020-05-07T17:11:09+08:00 ] 127.0.0.1 GET www.schoolsubscribe.com/
[运行时间：0.066161s] [吞吐率：15.11req/s] [内存消耗：2,745.37kb] [文件加载：34]
[ info ] [ LANG ] D:\phpstudy_pro\SchoolSubscribe\ThinkPHP\thinkphp\thinkphp\lang\zh-cn.php
[ info ] [ ROUTE ] array (
  'type' => 'module',
  'module' => 
  array (
    0 => '',
    1 => NULL,
    2 => NULL,
  ),
)
[ info ] [ HEADER ] array (
  'cache-control' => 'max-age=0',
  'upgrade-insecure-requests' => '1',
  'cookie' => 'pgv_pvi=5443859456; pgv_si=s3607342080',
  'connection' => 'close',
  'accept-encoding' => 'gzip, deflate',
  'accept-language' => 'zh-CN,zh;q=0.8,zh-TW;q=0.7,zh-HK;q=0.5,en-US;q=0.3,en;q=0.2',
  'accept' => 'text/html,application/xhtml+xml,application/xml;q=0.9,image/webp,*/*;q=0.8',
  'user-agent' => 'Mozilla/5.0 (Windows NT 10.0; Win64; x64; rv:75.0) Gecko/20100101 Firefox/75.0',
  'host' => 'www.schoolsubscribe.com',
)
[ info ] [ PARAM ] array (
)
[ info ] [ RUN ] app\index\controller\Index->index[ D:\phpstudy_pro\SchoolSubscribe\ThinkPHP\thinkphp\application\index\controller\Index.php ]
[ info ] [ DB ] INIT mysql
[ info ] [ LOG ] INIT File
[ sql ] [ DB ] CONNECT:[ UseTime:0.001893s ] mysql:host=127.0.0.1;port=3306;dbname=www.schoolsubscribe.com;charset=utf8
[ sql ] [ SQL ] SHOW COLUMNS FROM `time` [ RunTime:0.001556s ]
[ sql ] [ SQL ] SELECT * FROM `time` WHERE  (  date=20200507 ) LIMIT 1 [ RunTime:0.000759s ]
---------------------------------------------------------------
[ 2020-05-07T17:11:25+08:00 ] 127.0.0.1 GET www.schoolsubscribe.com/
[运行时间：0.062824s] [吞吐率：15.92req/s] [内存消耗：2,741.34kb] [文件加载：34]
[ info ] [ LANG ] D:\phpstudy_pro\SchoolSubscribe\ThinkPHP\thinkphp\thinkphp\lang\zh-cn.php
[ info ] [ ROUTE ] array (
  'type' => 'module',
  'module' => 
  array (
    0 => '',
    1 => NULL,
    2 => NULL,
  ),
)
[ info ] [ HEADER ] array (
  'cache-control' => 'max-age=0',
  'upgrade-insecure-requests' => '1',
  'cookie' => 'pgv_pvi=5443859456; pgv_si=s3607342080',
  'connection' => 'close',
  'accept-encoding' => 'gzip, deflate',
  'accept-language' => 'zh-CN,zh;q=0.8,zh-TW;q=0.7,zh-HK;q=0.5,en-US;q=0.3,en;q=0.2',
  'accept' => 'text/html,application/xhtml+xml,application/xml;q=0.9,image/webp,*/*;q=0.8',
  'user-agent' => 'Mozilla/5.0 (Windows NT 10.0; Win64; x64; rv:75.0) Gecko/20100101 Firefox/75.0',
  'host' => 'www.schoolsubscribe.com',
)
[ info ] [ PARAM ] array (
)
[ info ] [ RUN ] app\index\controller\Index->index[ D:\phpstudy_pro\SchoolSubscribe\ThinkPHP\thinkphp\application\index\controller\Index.php ]
[ info ] [ DB ] INIT mysql
[ info ] [ LOG ] INIT File
[ sql ] [ DB ] CONNECT:[ UseTime:0.001705s ] mysql:host=127.0.0.1;port=3306;dbname=www.schoolsubscribe.com;charset=utf8
[ sql ] [ SQL ] SHOW COLUMNS FROM `time` [ RunTime:0.001566s ]
[ sql ] [ SQL ] SELECT `date` FROM `time` WHERE  (  date=20200507 ) LIMIT 1 [ RunTime:0.000925s ]
